<?xml version="1.0" encoding="UTF-8" ?>
<testsuites>
	<testsuite failures="1" time="0.016" errors="0" skipped="0"
		tests="3" name="suiteA">
		<properties>
			<property name="sun.cpu.endian" value="little" />
			<property name="sun.io.unicode.encoding" value="UnicodeLittle" />
			<property name="sun.desktop" value="windows" />
			<property name="sun.cpu.isalist"
				value="pentium_pro+mmx pentium_pro pentium+mmx pentium i486 i386 i86" />
		</properties>
		<testcase time="0" classname="br.eti.kinoshita.junit.SampleTest"
			name="methodname" />
		<testcase time="0" classname="br.eti.kinoshita.junit.SampleTest"
			name="methodname2">
			<failure message="expected:&lt;true&gt; but was:&lt;false&gt;"
				type="junit.framework.AssertionFailedError">junit.framework.AssertionFailedError: expected:&lt;true&gt; but
				was:&lt;false&gt;
				at junit.framework.Assert.fail(Assert.java:47)
				at junit.framework.Assert.failNotEquals(Assert.java:283)
				at junit.framework.Assert.assertEquals(Assert.java:64)
				at junit.framework.Assert.assertEquals(Assert.java:143)
				at junit.framework.Assert.assertEquals(Assert.java:149)
				at
				br.eti.kinoshita.junit.SampleTest.testSomething2(SampleTest.java:43)
				at sun.reflect.NativeMethodAccessorImpl.invoke0(Native Method)
				at
				sun.reflect.NativeMethodAccessorImpl.invoke(NativeMethodAccessorImpl.java:39)
				at
				sun.reflect.DelegatingMethodAccessorImpl.invoke(DelegatingMethodAccessorImpl.java:25)
				at java.lang.reflect.Method.invoke(Method.java:597)
				at junit.framework.TestCase.runTest(TestCase.java:168)
				at junit.framework.TestCase.runBare(TestCase.java:134)
				at junit.framework.TestResult$1.protect(TestResult.java:110)
				at junit.framework.TestResult.runProtected(TestResult.java:128)
				at junit.framework.TestResult.run(TestResult.java:113)
				at junit.framework.TestCase.run(TestCase.java:124)
				at junit.framework.TestSuite.runTest(TestSuite.java:243)
				at junit.framework.TestSuite.run(TestSuite.java:238)
				at
				org.junit.internal.runners.JUnit38ClassRunner.run(JUnit38ClassRunner.java:83)
				at
				org.apache.maven.surefire.junit4.JUnit4TestSet.execute(JUnit4TestSet.java:62)
				at
				org.apache.maven.surefire.suite.AbstractDirectoryTestSuite.executeTestSet(AbstractDirectoryTestSuite.java:140)
				at
				org.apache.maven.surefire.suite.AbstractDirectoryTestSuite.execute(AbstractDirectoryTestSuite.java:127)
				at org.apache.maven.surefire.Surefire.run(Surefire.java:177)
				at sun.reflect.NativeMethodAccessorImpl.invoke0(Native Method)
				at
				sun.reflect.NativeMethodAccessorImpl.invoke(NativeMethodAccessorImpl.java:39)
				at
				sun.reflect.DelegatingMethodAccessorImpl.invoke(DelegatingMethodAccessorImpl.java:25)
				at java.lang.reflect.Method.invoke(Method.java:597)
				at
				org.apache.maven.surefire.booter.SurefireBooter.runSuitesInProcess(SurefireBooter.java:345)
				at
				org.apache.maven.surefire.booter.SurefireBooter.main(SurefireBooter.java:1009)
			</failure>
		</testcase>
		<testcase time="0" classname="br.eti.kinoshita.junit.SampleTest"
			name="methodname3" />
	</testsuite>
	<testsuite failures="0" time="0.016" errors="0" skipped="0"
		tests="1" name="suiteB">
		<properties>
			<property name="sun.io.unicode.encoding" value="UnicodeLittle" />
			<property name="sun.desktop" value="windows" />
			<property name="sun.cpu.isalist"
				value="pentium_pro+mmx pentium_pro pentium+mmx pentium i486 i386 i86" />
		</properties>
		<testcase time="0" classname="br.eti.kinoshita.junit.SampleTest"
			name="methodname" />
	</testsuite>
	<testsuite failures="0" time="0.016" errors="0" skipped="0"
		tests="1" name="suiteC">
		<properties>
			<property name="sun.io.unicode.encoding" value="UnicodeLittle" />
			<property name="sun.desktop" value="windows" />
			<property name="sun.cpu.isalist"
				value="pentium_pro+mmx pentium_pro pentium+mmx pentium i486 i386 i86" />
		</properties>
		<testcase time="0" classname="br.eti.kinoshita.junit.SampleTest"
			name="methodname2" />
	</testsuite>
</testsuites>